<?xml version="1.0" encoding="UTF-8"?>
<!-- Generated by org.testng.reporters.JUnitXMLReporter -->
<testsuite ignored="0" hostname="saurav_041" failures="4" tests="16" name="Test" time="222.132" errors="0" timestamp="2025-03-22T17:02:40 IST">
  <testcase classname="io.cucumber.testng.AbstractTestNGCucumberTests" name="runScenario" time="16.697"/>
  <testcase classname="io.cucumber.testng.AbstractTestNGCucumberTests" name="runScenario" time="6.2"/>
  <testcase classname="io.cucumber.testng.AbstractTestNGCucumberTests" name="runScenario" time="6.685"/>
  <testcase classname="io.cucumber.testng.AbstractTestNGCucumberTests" name="runScenario" time="13.131"/>
  <testcase classname="io.cucumber.testng.AbstractTestNGCucumberTests" name="runScenario" time="17.78"/>
  <testcase classname="io.cucumber.testng.AbstractTestNGCucumberTests" name="runScenario" time="14.663"/>
  <testcase classname="io.cucumber.testng.AbstractTestNGCucumberTests" name="runScenario" time="16.459">
    <failure type="java.lang.AssertionError" message="Error message is not displayed expected [Insufficient Balance.] but found [You successfully submitted your transaction.]">
      <![CDATA[java.lang.AssertionError: Error message is not displayed expected [Insufficient Balance.] but found [You successfully submitted your transaction.]
at com.zerobank.steps.FundTransferStepDefinition.error_should_be_displayed(FundTransferStepDefinition.java:127)
at ✽.Error "Insufficient Balance." should be displayed(file:///C:/Users/saura/OneDrive/Desktop/Wipro_Testing_Training/Project_Workspace/ZeroBank_Capstone_Project/src/test/resources/features/03_FundTransfer.feature:22)
... Removed 5 stack frames]]>
    </failure>
  </testcase> <!-- runScenario -->
  <testcase classname="io.cucumber.testng.AbstractTestNGCucumberTests" name="runScenario" time="13.481">
    <failure type="java.lang.AssertionError" message="Error message is not displayed expected [Invalid Amount.] but found [You successfully submitted your transaction.]">
      <![CDATA[java.lang.AssertionError: Error message is not displayed expected [Invalid Amount.] but found [You successfully submitted your transaction.]
at com.zerobank.steps.FundTransferStepDefinition.error_should_be_displayed(FundTransferStepDefinition.java:127)
at ✽.Error "Invalid Amount." should be displayed(file:///C:/Users/saura/OneDrive/Desktop/Wipro_Testing_Training/Project_Workspace/ZeroBank_Capstone_Project/src/test/resources/features/03_FundTransfer.feature:33)
... Removed 5 stack frames]]>
    </failure>
  </testcase> <!-- runScenario -->
  <testcase classname="io.cucumber.testng.AbstractTestNGCucumberTests" name="runScenario" time="13.095"/>
  <testcase classname="io.cucumber.testng.AbstractTestNGCucumberTests" name="runScenario" time="14.223"/>
  <testcase classname="io.cucumber.testng.AbstractTestNGCucumberTests" name="runScenario" time="13.85">
    <failure type="java.lang.AssertionError" message="Error message is not displayed expected [Amount field cannot be empty.] but found []">
      <![CDATA[java.lang.AssertionError: Error message is not displayed expected [Amount field cannot be empty.] but found []
at com.zerobank.steps.PayBillsStepDefinition.user_can_see_the_error(PayBillsStepDefinition.java:65)
at ✽.User can see the error "Amount field cannot be empty."(file:///C:/Users/saura/OneDrive/Desktop/Wipro_Testing_Training/Project_Workspace/ZeroBank_Capstone_Project/src/test/resources/features/04_PayBills.feature:23)
... Removed 5 stack frames]]>
    </failure>
  </testcase> <!-- runScenario -->
  <testcase classname="io.cucumber.testng.AbstractTestNGCucumberTests" name="runScenario" time="13.527"/>
  <testcase classname="io.cucumber.testng.AbstractTestNGCucumberTests" name="runScenario" time="17.362">
    <failure type="java.lang.AssertionError" message="Error message is not displayed expected [All fields are required.] but found []">
      <![CDATA[java.lang.AssertionError: Error message is not displayed expected [All fields are required.] but found []
at com.zerobank.steps.AddPayeeStepDefinition.user_can_see_the_error_meesage(AddPayeeStepDefinition.java:63)
at ✽.User can see the error meesage "All fields are required."(file:///C:/Users/saura/OneDrive/Desktop/Wipro_Testing_Training/Project_Workspace/ZeroBank_Capstone_Project/src/test/resources/features/05_AddPayee.feature:22)
... Removed 5 stack frames]]>
    </failure>
  </testcase> <!-- runScenario -->
  <testcase classname="io.cucumber.testng.AbstractTestNGCucumberTests" name="runScenario" time="18.47"/>
  <testcase classname="io.cucumber.testng.AbstractTestNGCucumberTests" name="runScenario" time="12.725"/>
  <testcase classname="io.cucumber.testng.AbstractTestNGCucumberTests" name="runScenario" time="11.703"/>
</testsuite> <!-- Test -->
